
	ﬂ
i
NavigationTestscom.example.lunchtray%navigate_to_start_order_from_checkout2ıÒÑüÄüùb:˜ÒÑüÄÕ§#ˆ
Îjava.lang.AssertionError: expected:<2131230857> but was:<2131231205>
at org.junit.Assert.fail(Assert.java:88)
at org.junit.Assert.failNotEquals(Assert.java:834)
at org.junit.Assert.assertEquals(Assert.java:118)
at org.junit.Assert.assertEquals(Assert.java:144)
at com.example.lunchtray.NavigationTests.navigate_to_start_order_from_checkout(NavigationTests.kt:200)java.lang.AssertionErrorÎjava.lang.AssertionError: expected:<2131230857> but was:<2131231205>
at org.junit.Assert.fail(Assert.java:88)
at org.junit.Assert.failNotEquals(Assert.java:834)
at org.junit.Assert.assertEquals(Assert.java:118)
at org.junit.Assert.assertEquals(Assert.java:144)
at com.example.lunchtray.NavigationTests.navigate_to_start_order_from_checkout(NavigationTests.kt:200)"ç

logcatandroid˜
Ù/Users/karineas/AndroidStudioProjects/android-basics-kotlin-lunch-tray-app-main/app/build/outputs/androidTest-results/connected/Galaxy_Nexus_API_30(AVD) - 11/logcat-com.example.lunchtray.NavigationTests-navigate_to_start_order_from_checkout.txt" 

device-infoandroidØ
¨/Users/karineas/AndroidStudioProjects/android-basics-kotlin-lunch-tray-app-main/app/build/outputs/androidTest-results/connected/Galaxy_Nexus_API_30(AVD) - 11/device-info.pb"À

device-info.meminfoandroid®
•/Users/karineas/AndroidStudioProjects/android-basics-kotlin-lunch-tray-app-main/app/build/outputs/androidTest-results/connected/Galaxy_Nexus_API_30(AVD) - 11/meminfo"À

device-info.cpuinfoandroid®
•/Users/karineas/AndroidStudioProjects/android-basics-kotlin-lunch-tray-app-main/app/build/outputs/androidTest-results/connected/Galaxy_Nexus_API_30(AVD) - 11/cpuinfoÍ
m
NavigationTestscom.example.lunchtray(navigate_to_start_order_from_entree_menu2¯ÒÑü¿Ó¢:¯ÒÑüÄ∑•™˙
Ìjava.lang.AssertionError: expected:<2131230935> but was:<2131231205>
at org.junit.Assert.fail(Assert.java:88)
at org.junit.Assert.failNotEquals(Assert.java:834)
at org.junit.Assert.assertEquals(Assert.java:118)
at org.junit.Assert.assertEquals(Assert.java:144)
at com.example.lunchtray.NavigationTests.navigate_to_start_order_from_entree_menu(NavigationTests.kt:83)java.lang.AssertionErrorÌjava.lang.AssertionError: expected:<2131230935> but was:<2131231205>
at org.junit.Assert.fail(Assert.java:88)
at org.junit.Assert.failNotEquals(Assert.java:834)
at org.junit.Assert.assertEquals(Assert.java:118)
at org.junit.Assert.assertEquals(Assert.java:144)
at com.example.lunchtray.NavigationTests.navigate_to_start_order_from_entree_menu(NavigationTests.kt:83)"ê

logcatandroid˙
˜/Users/karineas/AndroidStudioProjects/android-basics-kotlin-lunch-tray-app-main/app/build/outputs/androidTest-results/connected/Galaxy_Nexus_API_30(AVD) - 11/logcat-com.example.lunchtray.NavigationTests-navigate_to_start_order_from_entree_menu.txt" 

device-infoandroidØ
¨/Users/karineas/AndroidStudioProjects/android-basics-kotlin-lunch-tray-app-main/app/build/outputs/androidTest-results/connected/Galaxy_Nexus_API_30(AVD) - 11/device-info.pb"À

device-info.meminfoandroid®
•/Users/karineas/AndroidStudioProjects/android-basics-kotlin-lunch-tray-app-main/app/build/outputs/androidTest-results/connected/Galaxy_Nexus_API_30(AVD) - 11/meminfo"À

device-info.cpuinfoandroid®
•/Users/karineas/AndroidStudioProjects/android-basics-kotlin-lunch-tray-app-main/app/build/outputs/androidTest-results/connected/Galaxy_Nexus_API_30(AVD) - 11/cpuinfo˝
r
NavigationTestscom.example.lunchtray,navigate_to_checkout_from_accompaniment_menu2˘ÒÑü¿ìÀ«:˙ÒÑü¿ùÍÑÑ
Újava.lang.AssertionError: expected:<2131230768> but was:<2131230857>
at org.junit.Assert.fail(Assert.java:88)
at org.junit.Assert.failNotEquals(Assert.java:834)
at org.junit.Assert.assertEquals(Assert.java:118)
at org.junit.Assert.assertEquals(Assert.java:144)
at com.example.lunchtray.NavigationTests.navigate_to_checkout_from_accompaniment_menu(NavigationTests.kt:182)java.lang.AssertionErrorÚjava.lang.AssertionError: expected:<2131230768> but was:<2131230857>
at org.junit.Assert.fail(Assert.java:88)
at org.junit.Assert.failNotEquals(Assert.java:834)
at org.junit.Assert.assertEquals(Assert.java:118)
at org.junit.Assert.assertEquals(Assert.java:144)
at com.example.lunchtray.NavigationTests.navigate_to_checkout_from_accompaniment_menu(NavigationTests.kt:182)"î

logcatandroid˛
˚/Users/karineas/AndroidStudioProjects/android-basics-kotlin-lunch-tray-app-main/app/build/outputs/androidTest-results/connected/Galaxy_Nexus_API_30(AVD) - 11/logcat-com.example.lunchtray.NavigationTests-navigate_to_checkout_from_accompaniment_menu.txt" 

device-infoandroidØ
¨/Users/karineas/AndroidStudioProjects/android-basics-kotlin-lunch-tray-app-main/app/build/outputs/androidTest-results/connected/Galaxy_Nexus_API_30(AVD) - 11/device-info.pb"À

device-info.meminfoandroid®
•/Users/karineas/AndroidStudioProjects/android-basics-kotlin-lunch-tray-app-main/app/build/outputs/androidTest-results/connected/Galaxy_Nexus_API_30(AVD) - 11/meminfo"À

device-info.cpuinfoandroid®
•/Users/karineas/AndroidStudioProjects/android-basics-kotlin-lunch-tray-app-main/app/build/outputs/androidTest-results/connected/Galaxy_Nexus_API_30(AVD) - 11/cpuinfoÓ
n
NavigationTestscom.example.lunchtray(navigate_to_entree_menu_from_start_order2˚ÒÑü¿ÅŒÀ:˚ÒÑü¿æ„”"ê

logcatandroid˙
˜/Users/karineas/AndroidStudioProjects/android-basics-kotlin-lunch-tray-app-main/app/build/outputs/androidTest-results/connected/Galaxy_Nexus_API_30(AVD) - 11/logcat-com.example.lunchtray.NavigationTests-navigate_to_entree_menu_from_start_order.txt" 

device-infoandroidØ
¨/Users/karineas/AndroidStudioProjects/android-basics-kotlin-lunch-tray-app-main/app/build/outputs/androidTest-results/connected/Galaxy_Nexus_API_30(AVD) - 11/device-info.pb"À

device-info.meminfoandroid®
•/Users/karineas/AndroidStudioProjects/android-basics-kotlin-lunch-tray-app-main/app/build/outputs/androidTest-results/connected/Galaxy_Nexus_API_30(AVD) - 11/meminfo"À

device-info.cpuinfoandroid®
•/Users/karineas/AndroidStudioProjects/android-basics-kotlin-lunch-tray-app-main/app/build/outputs/androidTest-results/connected/Galaxy_Nexus_API_30(AVD) - 11/cpuinfoå
u
NavigationTestscom.example.lunchtray0navigate_to_start_order_from_checkout_via_submit2˝ÒÑü¿˘Ô:˛ÒÑü¿≈¯Ìå
ˆjava.lang.AssertionError: expected:<2131230857> but was:<2131231205>
at org.junit.Assert.fail(Assert.java:88)
at org.junit.Assert.failNotEquals(Assert.java:834)
at org.junit.Assert.assertEquals(Assert.java:118)
at org.junit.Assert.assertEquals(Assert.java:144)
at com.example.lunchtray.NavigationTests.navigate_to_start_order_from_checkout_via_submit(NavigationTests.kt:218)java.lang.AssertionErrorˆjava.lang.AssertionError: expected:<2131230857> but was:<2131231205>
at org.junit.Assert.fail(Assert.java:88)
at org.junit.Assert.failNotEquals(Assert.java:834)
at org.junit.Assert.assertEquals(Assert.java:118)
at org.junit.Assert.assertEquals(Assert.java:144)
at com.example.lunchtray.NavigationTests.navigate_to_start_order_from_checkout_via_submit(NavigationTests.kt:218)"ò

logcatandroidÇ
ˇ/Users/karineas/AndroidStudioProjects/android-basics-kotlin-lunch-tray-app-main/app/build/outputs/androidTest-results/connected/Galaxy_Nexus_API_30(AVD) - 11/logcat-com.example.lunchtray.NavigationTests-navigate_to_start_order_from_checkout_via_submit.txt" 

device-infoandroidØ
¨/Users/karineas/AndroidStudioProjects/android-basics-kotlin-lunch-tray-app-main/app/build/outputs/androidTest-results/connected/Galaxy_Nexus_API_30(AVD) - 11/device-info.pb"À

device-info.meminfoandroid®
•/Users/karineas/AndroidStudioProjects/android-basics-kotlin-lunch-tray-app-main/app/build/outputs/androidTest-results/connected/Galaxy_Nexus_API_30(AVD) - 11/meminfo"À

device-info.cpuinfoandroid®
•/Users/karineas/AndroidStudioProjects/android-basics-kotlin-lunch-tray-app-main/app/build/outputs/androidTest-results/connected/Galaxy_Nexus_API_30(AVD) - 11/cpuinfoà
t
NavigationTestscom.example.lunchtray/navigate_to_start_order_from_accompaniment_menu2ˇÒÑü¿Ü¢Á:ÄÚÑüÄ∏∏rä
ıjava.lang.AssertionError: expected:<2131230768> but was:<2131231205>
at org.junit.Assert.fail(Assert.java:88)
at org.junit.Assert.failNotEquals(Assert.java:834)
at org.junit.Assert.assertEquals(Assert.java:118)
at org.junit.Assert.assertEquals(Assert.java:144)
at com.example.lunchtray.NavigationTests.navigate_to_start_order_from_accompaniment_menu(NavigationTests.kt:163)java.lang.AssertionErrorıjava.lang.AssertionError: expected:<2131230768> but was:<2131231205>
at org.junit.Assert.fail(Assert.java:88)
at org.junit.Assert.failNotEquals(Assert.java:834)
at org.junit.Assert.assertEquals(Assert.java:118)
at org.junit.Assert.assertEquals(Assert.java:144)
at com.example.lunchtray.NavigationTests.navigate_to_start_order_from_accompaniment_menu(NavigationTests.kt:163)"ó

logcatandroidÅ
˛/Users/karineas/AndroidStudioProjects/android-basics-kotlin-lunch-tray-app-main/app/build/outputs/androidTest-results/connected/Galaxy_Nexus_API_30(AVD) - 11/logcat-com.example.lunchtray.NavigationTests-navigate_to_start_order_from_accompaniment_menu.txt" 

device-infoandroidØ
¨/Users/karineas/AndroidStudioProjects/android-basics-kotlin-lunch-tray-app-main/app/build/outputs/androidTest-results/connected/Galaxy_Nexus_API_30(AVD) - 11/device-info.pb"À

device-info.meminfoandroid®
•/Users/karineas/AndroidStudioProjects/android-basics-kotlin-lunch-tray-app-main/app/build/outputs/androidTest-results/connected/Galaxy_Nexus_API_30(AVD) - 11/meminfo"À

device-info.cpuinfoandroid®
•/Users/karineas/AndroidStudioProjects/android-basics-kotlin-lunch-tray-app-main/app/build/outputs/androidTest-results/connected/Galaxy_Nexus_API_30(AVD) - 11/cpuinfoÄ
r
NavigationTestscom.example.lunchtray-navigate_to_accompaniment_menu_from_side_menu2ÅÚÑü¿Ì˝\:ÇÚÑüÄù”ÈÜ
Ûjava.lang.AssertionError: expected:<2131231170> but was:<2131230768>
at org.junit.Assert.fail(Assert.java:88)
at org.junit.Assert.failNotEquals(Assert.java:834)
at org.junit.Assert.assertEquals(Assert.java:118)
at org.junit.Assert.assertEquals(Assert.java:144)
at com.example.lunchtray.NavigationTests.navigate_to_accompaniment_menu_from_side_menu(NavigationTests.kt:144)java.lang.AssertionErrorÛjava.lang.AssertionError: expected:<2131231170> but was:<2131230768>
at org.junit.Assert.fail(Assert.java:88)
at org.junit.Assert.failNotEquals(Assert.java:834)
at org.junit.Assert.assertEquals(Assert.java:118)
at org.junit.Assert.assertEquals(Assert.java:144)
at com.example.lunchtray.NavigationTests.navigate_to_accompaniment_menu_from_side_menu(NavigationTests.kt:144)"ï

logcatandroidˇ
¸/Users/karineas/AndroidStudioProjects/android-basics-kotlin-lunch-tray-app-main/app/build/outputs/androidTest-results/connected/Galaxy_Nexus_API_30(AVD) - 11/logcat-com.example.lunchtray.NavigationTests-navigate_to_accompaniment_menu_from_side_menu.txt" 

device-infoandroidØ
¨/Users/karineas/AndroidStudioProjects/android-basics-kotlin-lunch-tray-app-main/app/build/outputs/androidTest-results/connected/Galaxy_Nexus_API_30(AVD) - 11/device-info.pb"À

device-info.meminfoandroid®
•/Users/karineas/AndroidStudioProjects/android-basics-kotlin-lunch-tray-app-main/app/build/outputs/androidTest-results/connected/Galaxy_Nexus_API_30(AVD) - 11/meminfo"À

device-info.cpuinfoandroid®
•/Users/karineas/AndroidStudioProjects/android-basics-kotlin-lunch-tray-app-main/app/build/outputs/androidTest-results/connected/Galaxy_Nexus_API_30(AVD) - 11/cpuinfoÂ
l
NavigationTestscom.example.lunchtray&navigate_to_start_order_from_side_menu2ÉÚÑü¿ ’É:ÖÚÑü¿„Áô¯
Ïjava.lang.AssertionError: expected:<2131231170> but was:<2131231205>
at org.junit.Assert.fail(Assert.java:88)
at org.junit.Assert.failNotEquals(Assert.java:834)
at org.junit.Assert.assertEquals(Assert.java:118)
at org.junit.Assert.assertEquals(Assert.java:144)
at com.example.lunchtray.NavigationTests.navigate_to_start_order_from_side_menu(NavigationTests.kt:126)java.lang.AssertionErrorÏjava.lang.AssertionError: expected:<2131231170> but was:<2131231205>
at org.junit.Assert.fail(Assert.java:88)
at org.junit.Assert.failNotEquals(Assert.java:834)
at org.junit.Assert.assertEquals(Assert.java:118)
at org.junit.Assert.assertEquals(Assert.java:144)
at com.example.lunchtray.NavigationTests.navigate_to_start_order_from_side_menu(NavigationTests.kt:126)"é

logcatandroid¯
ı/Users/karineas/AndroidStudioProjects/android-basics-kotlin-lunch-tray-app-main/app/build/outputs/androidTest-results/connected/Galaxy_Nexus_API_30(AVD) - 11/logcat-com.example.lunchtray.NavigationTests-navigate_to_start_order_from_side_menu.txt" 

device-infoandroidØ
¨/Users/karineas/AndroidStudioProjects/android-basics-kotlin-lunch-tray-app-main/app/build/outputs/androidTest-results/connected/Galaxy_Nexus_API_30(AVD) - 11/device-info.pb"À

device-info.meminfoandroid®
•/Users/karineas/AndroidStudioProjects/android-basics-kotlin-lunch-tray-app-main/app/build/outputs/androidTest-results/connected/Galaxy_Nexus_API_30(AVD) - 11/meminfo"À

device-info.cpuinfoandroid®
•/Users/karineas/AndroidStudioProjects/android-basics-kotlin-lunch-tray-app-main/app/build/outputs/androidTest-results/connected/Galaxy_Nexus_API_30(AVD) - 11/cpuinfoÂ
l
NavigationTestscom.example.lunchtray&navigate_to_side_menu_from_entree_menu2ÜÚÑüÄ§˙˜:áÚÑüÄà≤¯
Ïjava.lang.AssertionError: expected:<2131230935> but was:<2131231170>
at org.junit.Assert.fail(Assert.java:88)
at org.junit.Assert.failNotEquals(Assert.java:834)
at org.junit.Assert.assertEquals(Assert.java:118)
at org.junit.Assert.assertEquals(Assert.java:144)
at com.example.lunchtray.NavigationTests.navigate_to_side_menu_from_entree_menu(NavigationTests.kt:108)java.lang.AssertionErrorÏjava.lang.AssertionError: expected:<2131230935> but was:<2131231170>
at org.junit.Assert.fail(Assert.java:88)
at org.junit.Assert.failNotEquals(Assert.java:834)
at org.junit.Assert.assertEquals(Assert.java:118)
at org.junit.Assert.assertEquals(Assert.java:144)
at com.example.lunchtray.NavigationTests.navigate_to_side_menu_from_entree_menu(NavigationTests.kt:108)"é

logcatandroid¯
ı/Users/karineas/AndroidStudioProjects/android-basics-kotlin-lunch-tray-app-main/app/build/outputs/androidTest-results/connected/Galaxy_Nexus_API_30(AVD) - 11/logcat-com.example.lunchtray.NavigationTests-navigate_to_side_menu_from_entree_menu.txt" 

device-infoandroidØ
¨/Users/karineas/AndroidStudioProjects/android-basics-kotlin-lunch-tray-app-main/app/build/outputs/androidTest-results/connected/Galaxy_Nexus_API_30(AVD) - 11/device-info.pb"À

device-info.meminfoandroid®
•/Users/karineas/AndroidStudioProjects/android-basics-kotlin-lunch-tray-app-main/app/build/outputs/androidTest-results/connected/Galaxy_Nexus_API_30(AVD) - 11/meminfo"À

device-info.cpuinfoandroid®
•/Users/karineas/AndroidStudioProjects/android-basics-kotlin-lunch-tray-app-main/app/build/outputs/androidTest-results/connected/Galaxy_Nexus_API_30(AVD) - 11/cpuinfo*Ø
c
test-results.logOcom.google.testing.platform.runtime.android.driver.AndroidInstrumentationDriverπ
∂/Users/karineas/AndroidStudioProjects/android-basics-kotlin-lunch-tray-app-main/app/build/outputs/androidTest-results/connected/Galaxy_Nexus_API_30(AVD) - 11/testlog/test-results.log 2
text/plain