<?xml version='1.0' encoding='UTF-8' ?>
<testsuite name="com.example.lunchtray.NavigationTests" tests="9" failures="8" errors="0" skipped="0" time="20.761" timestamp="2023-02-06T17:29:46" hostname="localhost">
  <properties>
    <property name="device" value="Galaxy_Nexus_API_30(AVD) - 11" />
    <property name="flavor" value="" />
    <property name="project" value=":app" />
  </properties>
  <testcase name="navigate_to_start_order_from_checkout" classname="com.example.lunchtray.NavigationTests" time="1.731">
    <failure>java.lang.AssertionError: expected:&lt;2131230857&gt; but was:&lt;2131231205&gt;
at org.junit.Assert.fail(Assert.java:88)
at org.junit.Assert.failNotEquals(Assert.java:834)
at org.junit.Assert.assertEquals(Assert.java:118)
at org.junit.Assert.assertEquals(Assert.java:144)
at com.example.lunchtray.NavigationTests.navigate_to_start_order_from_checkout(NavigationTests.kt:200)</failure>
  </testcase>
  <testcase name="navigate_to_start_order_from_entree_menu" classname="com.example.lunchtray.NavigationTests" time="0.841">
    <failure>java.lang.AssertionError: expected:&lt;2131230935&gt; but was:&lt;2131231205&gt;
at org.junit.Assert.fail(Assert.java:88)
at org.junit.Assert.failNotEquals(Assert.java:834)
at org.junit.Assert.assertEquals(Assert.java:118)
at org.junit.Assert.assertEquals(Assert.java:144)
at com.example.lunchtray.NavigationTests.navigate_to_start_order_from_entree_menu(NavigationTests.kt:83)</failure>
  </testcase>
  <testcase name="navigate_to_checkout_from_accompaniment_menu" classname="com.example.lunchtray.NavigationTests" time="0.853">
    <failure>java.lang.AssertionError: expected:&lt;2131230768&gt; but was:&lt;2131230857&gt;
at org.junit.Assert.fail(Assert.java:88)
at org.junit.Assert.failNotEquals(Assert.java:834)
at org.junit.Assert.assertEquals(Assert.java:118)
at org.junit.Assert.assertEquals(Assert.java:144)
at com.example.lunchtray.NavigationTests.navigate_to_checkout_from_accompaniment_menu(NavigationTests.kt:182)</failure>
  </testcase>
  <testcase name="navigate_to_entree_menu_from_start_order" classname="com.example.lunchtray.NavigationTests" time="0.552" />
  <testcase name="navigate_to_start_order_from_checkout_via_submit" classname="com.example.lunchtray.NavigationTests" time="1.447">
    <failure>java.lang.AssertionError: expected:&lt;2131230857&gt; but was:&lt;2131231205&gt;
at org.junit.Assert.fail(Assert.java:88)
at org.junit.Assert.failNotEquals(Assert.java:834)
at org.junit.Assert.assertEquals(Assert.java:118)
at org.junit.Assert.assertEquals(Assert.java:144)
at com.example.lunchtray.NavigationTests.navigate_to_start_order_from_checkout_via_submit(NavigationTests.kt:218)</failure>
  </testcase>
  <testcase name="navigate_to_start_order_from_accompaniment_menu" classname="com.example.lunchtray.NavigationTests" time="0.755">
    <failure>java.lang.AssertionError: expected:&lt;2131230768&gt; but was:&lt;2131231205&gt;
at org.junit.Assert.fail(Assert.java:88)
at org.junit.Assert.failNotEquals(Assert.java:834)
at org.junit.Assert.assertEquals(Assert.java:118)
at org.junit.Assert.assertEquals(Assert.java:144)
at com.example.lunchtray.NavigationTests.navigate_to_start_order_from_accompaniment_menu(NavigationTests.kt:163)</failure>
  </testcase>
  <testcase name="navigate_to_accompaniment_menu_from_side_menu" classname="com.example.lunchtray.NavigationTests" time="1.245">
    <failure>java.lang.AssertionError: expected:&lt;2131231170&gt; but was:&lt;2131230768&gt;
at org.junit.Assert.fail(Assert.java:88)
at org.junit.Assert.failNotEquals(Assert.java:834)
at org.junit.Assert.assertEquals(Assert.java:118)
at org.junit.Assert.assertEquals(Assert.java:144)
at com.example.lunchtray.NavigationTests.navigate_to_accompaniment_menu_from_side_menu(NavigationTests.kt:144)</failure>
  </testcase>
  <testcase name="navigate_to_start_order_from_side_menu" classname="com.example.lunchtray.NavigationTests" time="1.726">
    <failure>java.lang.AssertionError: expected:&lt;2131231170&gt; but was:&lt;2131231205&gt;
at org.junit.Assert.fail(Assert.java:88)
at org.junit.Assert.failNotEquals(Assert.java:834)
at org.junit.Assert.assertEquals(Assert.java:118)
at org.junit.Assert.assertEquals(Assert.java:144)
at com.example.lunchtray.NavigationTests.navigate_to_start_order_from_side_menu(NavigationTests.kt:126)</failure>
  </testcase>
  <testcase name="navigate_to_side_menu_from_entree_menu" classname="com.example.lunchtray.NavigationTests" time="1.393">
    <failure>java.lang.AssertionError: expected:&lt;2131230935&gt; but was:&lt;2131231170&gt;
at org.junit.Assert.fail(Assert.java:88)
at org.junit.Assert.failNotEquals(Assert.java:834)
at org.junit.Assert.assertEquals(Assert.java:118)
at org.junit.Assert.assertEquals(Assert.java:144)
at com.example.lunchtray.NavigationTests.navigate_to_side_menu_from_entree_menu(NavigationTests.kt:108)</failure>
  </testcase>
</testsuite>